<?xml version="1.0" encoding="UTF-8"?>
<!-- Generated by org.testng.reporters.JUnitReportReporter -->
<testsuite hostname="anny" failures="0" tests="1" name="firstproject.googlepage" time="22.628" errors="0" timestamp="2022-03-06T21:57:23 BDT" skipped="0">
  <testcase classname="firstproject.googlepage" name="muFirstTest" time="22.628"/>
  <system-out/>
</testsuite> <!-- firstproject.googlepage -->
